Beginning Stage s=0
k=1
k=2
k=3
k=4
k=5
k=6
Beginning Stage s=1
k=1
k=2
Beginning Stage s=2
k=1
k=2
Beginning Stage s=3
k=1
k=2
Beginning Stage s=4
k=1
k=2
Beginning Stage s=5
k=1
k=2
Done with replicate!
Beginning Stage s=0
k=1
k=2
k=3
k=4
k=5
k=6
k=7
k=8
k=9
Beginning Stage s=1
k=1
k=2
k=3
k=4
k=5
Beginning Stage s=2
k=1
k=2
k=3
k=4
k=5
Beginning Stage s=3
k=1
k=2
k=3
k=4
k=5
k=6
Beginning Stage s=4
k=1
k=2
k=3
k=4
k=5
Beginning Stage s=5
k=1
k=2
k=3
k=4
k=5
Done with replicate!
Beginning Stage s=0
k=1
k=2
k=3
k=4
Beginning Stage s=1
k=1
k=2
k=3
k=4
Beginning Stage s=2
k=1
k=2
k=3
Beginning Stage s=3
k=1
k=2
Beginning Stage s=4
k=1
k=2
k=3
Beginning Stage s=5
k=1
k=2
k=3
Done with replicate!
Beginning Stage s=0
k=1
k=2
k=3
k=4
Beginning Stage s=1
k=1
k=2
k=3
k=4
Beginning Stage s=2
k=1
k=2
k=3
k=4
k=5
k=6
Beginning Stage s=3
k=1
k=2
Beginning Stage s=4
k=1
k=2
Beginning Stage s=5
k=1
k=2
Done with replicate!
Beginning Stage s=0
k=1
k=2
k=3
k=4
k=5
Beginning Stage s=1
k=1
k=2
Beginning Stage s=2
k=1
k=2
Beginning Stage s=3
k=1
k=2
Beginning Stage s=4
k=1
k=2
Beginning Stage s=5
k=1
k=2
Done with replicate!
Beginning Stage s=0
k=1
k=2
k=3
k=4
k=5
Beginning Stage s=1
k=1
k=2
k=3
k=4
k=5
k=6
Beginning Stage s=2
k=2
k=3
k=4
k=5
k=6
k=7
Beginning Stage s=3
k=3
k=4
k=5
k=6
Beginning Stage s=4
k=2
k=3
k=4
k=5
Beginning Stage s=5
k=1
k=2
Done with replicate!
Beginning Stage s=0
k=1
k=2
k=3
k=4
k=5
Beginning Stage s=1
k=1
k=2
k=3
k=4
k=5
k=6
Beginning Stage s=2
k=1
k=2
k=3
k=4
k=5
k=6
k=7
Beginning Stage s=3
k=1
k=2
k=3
k=4
k=5
k=6
k=7
Beginning Stage s=4
k=3
k=4
k=5
Beginning Stage s=5
k=1
k=2
k=3
k=4
k=5
k=6
Done with replicate!
Beginning Stage s=0
k=1
k=2
k=3
k=4
k=5
Beginning Stage s=1
k=1
k=2
k=3
k=4
Beginning Stage s=2
k=1
k=2
k=3
Beginning Stage s=3
k=1
k=2
k=3
Beginning Stage s=4
k=1
k=2
k=3
Beginning Stage s=5
k=1
k=2
Done with replicate!
Beginning Stage s=0
k=1
k=2
k=3
k=4
k=5
k=6
k=7
Beginning Stage s=1
k=1
k=2
k=3
k=4
k=5
k=6
k=7
Beginning Stage s=2
k=3
k=4
k=5
Error getting log likelihood of GMM component!
k=6
Beginning Stage s=3
k=2
k=3
k=4
k=5
k=6
Beginning Stage s=4
k=2
k=3
k=4
k=5
k=6
k=7
Beginning Stage s=5
k=3










In stage: 5
Num k=3 resets: 1
k=2










In stage: 5
Num k=2 resets: 2
k=1
k=2
Done with replicate!
Beginning Stage s=0
k=1
k=2
k=3
k=4
k=5
k=6
k=7
k=8
k=9
Beginning Stage s=1
k=1
k=2
k=3
k=4
k=5
k=6
Beginning Stage s=2
k=2
k=3
k=4
Error getting log likelihood of GMM component!
k=5
k=6
k=7
Beginning Stage s=3
k=3
k=4
k=5
k=6
k=7
Beginning Stage s=4
k=2
Error getting log likelihood of GMM component!
Beginning Stage s=5
k=1
k=2
k=3
Done with replicate!
Beginning Stage s=0
k=1
k=2
k=3
k=4
Beginning Stage s=1
k=1
k=2
Beginning Stage s=2
k=1
k=2
Beginning Stage s=3
k=1
k=2
Beginning Stage s=4
k=1
k=2
Beginning Stage s=5
k=1
k=2
Done with replicate!
Beginning Stage s=0
k=1
k=2
k=3
k=4
k=5
Beginning Stage s=1
k=1
k=2
k=3
k=4
k=5
k=6
Beginning Stage s=2
k=2
k=3
k=4
k=5
Error getting log likelihood of GMM component!
k=6
k=7
Beginning Stage s=3
k=2
k=3
k=4
k=5
Beginning Stage s=4
k=1
k=2
k=3
k=4
k=5
k=6
Beginning Stage s=5
k=2
k=3
k=4
k=5
Done with replicate!
Beginning Stage s=0
k=1
k=2
k=3
k=4
k=5
Beginning Stage s=1
k=1
k=2
k=3
k=4
k=5
k=6
k=7
k=8
Beginning Stage s=2
k=2
k=3
k=4
k=5
k=6
Beginning Stage s=3
k=2
k=3
k=4
k=5
k=6
Beginning Stage s=4
k=2
k=3
k=4
k=5
k=6
Beginning Stage s=5
k=2
k=3
k=4
k=5
k=6
k=7
Done with replicate!
Beginning Stage s=0
k=1
k=2
k=3
k=4
k=5
Beginning Stage s=1
k=1
k=2
k=3
k=4
k=5
Beginning Stage s=2
k=1
k=2
k=3
Beginning Stage s=3
k=1
k=2
Error getting log likelihood of GMM component!
Beginning Stage s=4
k=1
k=2
Beginning Stage s=5
k=1
k=2
Done with replicate!
Beginning Stage s=0
k=1
k=2
k=3
k=4
k=5
Beginning Stage s=1
k=1
k=2
k=3
k=4
k=5
Beginning Stage s=2
k=1
k=2
k=3
k=4
k=5
k=6
Beginning Stage s=3
k=1
k=2
k=3
k=4
k=5
k=6
Beginning Stage s=4
k=1
k=2
k=3
k=4
k=5
k=6
k=7
Beginning Stage s=5
k=2
k=3
k=4
k=5
k=6
Done with replicate!
Beginning Stage s=0
k=1
k=2
k=3
k=4
Beginning Stage s=1
k=1
k=2
k=3
Beginning Stage s=2
k=1
k=2
k=3
Beginning Stage s=3
k=1
k=2
k=3
k=4
Beginning Stage s=4
k=1
k=2
k=3
k=4
Beginning Stage s=5
k=1
k=2
k=3
k=4
Done with replicate!
Beginning Stage s=0
k=1
k=2
k=3
k=4
Beginning Stage s=1
k=1
k=2
k=3
k=4
k=5
Beginning Stage s=2
k=1
k=2
k=3
k=4
Beginning Stage s=3
k=1
k=2
k=3
k=4
Beginning Stage s=4
k=1
k=2
k=3
k=4
Error getting log likelihood of GMM component!
Beginning Stage s=5
k=1
k=2
k=3
k=4
Done with replicate!
Beginning Stage s=0
k=1
k=2
k=3
k=4
k=5
Beginning Stage s=1
k=1
k=2
k=3
k=4
k=5
Beginning Stage s=2
k=1
k=2
k=3
k=4
k=5
k=6
Beginning Stage s=3
k=1
k=2
k=3
k=4
k=5
Beginning Stage s=4
k=1
k=2
k=3
k=4
k=5
Beginning Stage s=5
k=1
k=2
k=3
k=4
k=5
Done with replicate!
Beginning Stage s=0
k=1
k=2
k=3
k=4
k=5
k=6
k=7
Beginning Stage s=1
k=1
k=2
k=3
k=4
k=5
k=6
Beginning Stage s=2
k=1
k=2
k=3
k=4
k=5
k=6
Beginning Stage s=3
k=1
k=2
k=3
k=4
k=5
Beginning Stage s=4
k=1
k=2
k=3
k=4
k=5
k=6
Beginning Stage s=5
k=1
k=2
k=3
k=4
k=5
Done with replicate!
Beginning Stage s=0
k=1
k=2
k=3
k=4
k=5
k=6
Beginning Stage s=1
k=1
k=2
k=3
k=4
k=5
Beginning Stage s=2
k=1
k=2
k=3
k=4
k=5
Beginning Stage s=3
k=1
k=2
k=3
k=4
k=5
Beginning Stage s=4
k=1
k=2
k=3
k=4
k=5
Beginning Stage s=5
k=1
k=2
k=3
k=4
k=5
Done with replicate!
Beginning Stage s=0
k=1
k=2
k=3
k=4
Beginning Stage s=1
k=1
k=2
k=3
Beginning Stage s=2
k=1
k=2
Beginning Stage s=3
k=1
k=2
Beginning Stage s=4
k=1
k=2
Beginning Stage s=5
k=1
k=2
Done with replicate!
Beginning Stage s=0
k=1
k=2
k=3
Beginning Stage s=1
k=1
k=2
k=3
Beginning Stage s=2
k=1
k=2
k=3
Beginning Stage s=3
k=1
k=2
k=3
k=4
Beginning Stage s=4
k=1
k=2
Beginning Stage s=5
k=1
k=2
Done with replicate!
Beginning Stage s=0
k=1
k=2
k=3
k=4
k=5
Beginning Stage s=1
k=1
k=2
k=3
k=4
k=5
k=6
k=7
k=8
Beginning Stage s=2
k=2
k=3
k=4
k=5
Beginning Stage s=3
k=1
k=2
k=3
k=4
k=5
k=6
Beginning Stage s=4
k=2
k=3
k=4
k=5
k=6
Beginning Stage s=5
k=2
k=3
k=4
k=5
k=6
k=7
Done with replicate!
Beginning Stage s=0
k=1
k=2
k=3
k=4
k=5
k=6
k=7
k=8
k=9
k=10
k=11
Beginning Stage s=1
k=1
k=2
k=3
k=4
k=5
k=6
k=7
k=8
k=9
Beginning Stage s=2
k=4
k=5
k=6
k=7
k=8
Beginning Stage s=3
k=4
k=5
k=6
k=7
Beginning Stage s=4
k=3
k=4
k=5
k=6
k=7
Beginning Stage s=5
k=2










In stage: 5
Num k=2 resets: 1
k=1
k=2
Done with replicate!
Beginning Stage s=0
k=1
k=2
k=3
k=4
k=5
k=6
k=7
Beginning Stage s=1
k=1
k=2
k=3
k=4
k=5
k=6
Error getting log likelihood of GMM component!
Beginning Stage s=2
k=2
k=3
k=4
k=5
k=6
Beginning Stage s=3
k=1
k=2
k=3
k=4
k=5
Beginning Stage s=4
k=1
k=2
k=3
k=4
k=5
k=6
Beginning Stage s=5
k=2
k=3
k=4
k=5
k=6
k=7
Done with replicate!
Beginning Stage s=0
k=1
k=2
k=3
k=4
k=5
Beginning Stage s=1
k=1
k=2
Beginning Stage s=2
k=1
k=2
Beginning Stage s=3
k=1
k=2
Beginning Stage s=4
k=1
k=2
Beginning Stage s=5
k=1
k=2
Done with replicate!
Beginning Stage s=0
k=1
k=2
k=3
k=4
k=5
k=6
k=7
Beginning Stage s=1
k=1
Error during runStage: 
Aborting replication cem due to error!
Beginning Stage s=0
k=1
k=2
k=3
k=4
k=5
k=6
k=7
Beginning Stage s=1
k=1
k=2
Beginning Stage s=2
k=1
k=2
Beginning Stage s=3
k=1
k=2
Beginning Stage s=4
k=1
k=2
Beginning Stage s=5
k=1
k=2
Done with replicate!
Beginning Stage s=0
k=1
k=2
k=3
k=4
k=5
k=6
k=7
k=8
Beginning Stage s=1
k=1
k=2
k=3
k=4
k=5
k=6
k=7
k=8
Beginning Stage s=2
k=3
k=4
k=5
k=6
k=7
Beginning Stage s=3
k=3
k=4
k=5
k=6
Beginning Stage s=4
k=2
k=3
k=4
k=5
k=6
Beginning Stage s=5
k=2
k=3
k=4
k=5
k=6
Done with replicate!
Beginning Stage s=0
k=1
k=2
k=3
Beginning Stage s=1
k=1
k=2
Beginning Stage s=2
k=1
Error during runStage: 
Aborting replication cem due to error!
Beginning Stage s=0
k=1
k=2
k=3
k=4
k=5
k=6
k=7
Beginning Stage s=1
k=1
k=2
Beginning Stage s=2
k=1
k=2
Beginning Stage s=3
k=1
k=2
Beginning Stage s=4
k=1
k=2
Beginning Stage s=5
k=1
k=2
Done with replicate!
Beginning Stage s=0
k=1
k=2
k=3
k=4
k=5
k=6
k=7
k=8
Beginning Stage s=1
k=1
k=2
k=3
k=4
k=5
k=6
Beginning Stage s=2
k=1
k=2
k=3
k=4
k=5
Beginning Stage s=3
k=1
k=2
k=3
k=4
k=5
k=6
k=7
Beginning Stage s=4
k=2
k=3
k=4
k=5
k=6
Beginning Stage s=5
k=1
k=2
k=3
k=4
k=5
k=6
Done with replicate!
Beginning Stage s=0
k=1
k=2
k=3
k=4
k=5
k=6
k=7
k=8
k=9
Beginning Stage s=1
k=1
k=2
k=3
k=4
k=5
k=6
k=7
Beginning Stage s=2
k=3
k=4
k=5
k=6
Beginning Stage s=3
k=1
k=2
k=3
k=4
k=5
k=6
Beginning Stage s=4
k=2
k=3
k=4
k=5
k=6
Beginning Stage s=5
k=1
k=2
k=3
k=4
k=5
Done with replicate!
Beginning Stage s=0
k=1
k=2
k=3
k=4
Beginning Stage s=1
k=1
k=2
k=3
k=4
Beginning Stage s=2
k=1
k=2
Beginning Stage s=3
k=1
k=2
Beginning Stage s=4
k=1
k=2
Beginning Stage s=5
k=1
k=2
Done with replicate!
Beginning Stage s=0
k=1
k=2
k=3
k=4
k=5
k=6
k=7
Beginning Stage s=1
k=1
k=2
Beginning Stage s=2
k=1
k=2
Beginning Stage s=3
k=1
k=2
Beginning Stage s=4
k=1
k=2
Beginning Stage s=5
k=1
k=2
Done with replicate!
Beginning Stage s=0
k=1
k=2
k=3
k=4
k=5
Beginning Stage s=1
k=1
k=2
k=3
Beginning Stage s=2
k=1
k=2
k=3
k=4
Error getting log likelihood of GMM component!
Beginning Stage s=3
k=1
k=2
k=3
k=4
k=5
Beginning Stage s=4
k=1
k=2
k=3
k=4
k=5
Beginning Stage s=5
k=1
k=2
k=3
k=4
k=5
Done with replicate!
Beginning Stage s=0
k=1
k=2
k=3
k=4
k=5
k=6
Beginning Stage s=1
k=1
k=2
k=3
k=4
Error getting log likelihood of GMM component!
Beginning Stage s=2
k=1
k=2
k=3
k=4
k=5
k=6
k=7
Beginning Stage s=3
k=1
k=2
k=3
k=4
Beginning Stage s=4
k=1
k=2
k=3
k=4
k=5
k=6
Beginning Stage s=5
k=1
k=2
k=3
k=4
k=5
k=6
Done with replicate!
Beginning Stage s=0
k=1
k=2
k=3
k=4
k=5
Beginning Stage s=1
k=1
k=2
k=3
k=4
Beginning Stage s=2
k=1
k=2
Beginning Stage s=3
k=1
k=2
Beginning Stage s=4
k=1
k=2
Beginning Stage s=5
k=1
k=2
Done with replicate!
Beginning Stage s=0
k=1
k=2
k=3
k=4
k=5
Beginning Stage s=1
k=1
k=2
k=3
k=4
k=5
Beginning Stage s=2
k=1
k=2
k=3
k=4
k=5
Beginning Stage s=3
k=1
k=2
k=3
k=4
k=5
k=6
Beginning Stage s=4
k=1
k=2
k=3
k=4
k=5
k=6
Beginning Stage s=5
k=2
Done with replicate!
Beginning Stage s=0
k=1
k=2
k=3
k=4
k=5
Beginning Stage s=1
k=1
k=2
k=3
k=4
k=5
Beginning Stage s=2
k=1
k=2
k=3
k=4
k=5
Beginning Stage s=3
k=1
k=2
k=3
k=4
k=5
Beginning Stage s=4
k=1
k=2
k=3
k=4
k=5
Beginning Stage s=5
k=1
k=2
k=3
k=4
k=5
Done with replicate!
Beginning Stage s=0
k=1
k=2
k=3
k=4
k=5
k=6
k=7
k=8
Beginning Stage s=1
k=1
k=2
Beginning Stage s=2
k=1
k=2
Beginning Stage s=3
k=1
k=2
Beginning Stage s=4
k=1
k=2
Beginning Stage s=5
k=1
k=2
Done with replicate!
Beginning Stage s=0
k=1
k=2
k=3
k=4
Beginning Stage s=1
k=1
k=2
Beginning Stage s=2
k=1
k=2
Beginning Stage s=3
k=1
k=2
Beginning Stage s=4
k=1
k=2
Beginning Stage s=5
k=1
k=2
Done with replicate!
/gscratch/choe/pnterry/anaconda3/lib/python3.7/site-packages/scipy/stats/_multivariate.py:110: RuntimeWarning: overflow encountered in double_scalars
  return np.array([0 if abs(x) <= eps else 1/x for x in v], dtype=float)
/gscratch/choe/pnterry/anaconda3/lib/python3.7/site-packages/scipy/stats/_multivariate.py:167: RuntimeWarning: invalid value encountered in multiply
  U = np.multiply(u, np.sqrt(s_pinv))
/gscratch/choe/pnterry/anaconda3/lib/python3.7/site-packages/scipy/stats/_multivariate.py:110: RuntimeWarning: overflow encountered in double_scalars
  return np.array([0 if abs(x) <= eps else 1/x for x in v], dtype=float)
/gscratch/choe/pnterry/anaconda3/lib/python3.7/site-packages/scipy/stats/_multivariate.py:167: RuntimeWarning: invalid value encountered in multiply
  U = np.multiply(u, np.sqrt(s_pinv))
/gscratch/choe/pnterry/anaconda3/lib/python3.7/site-packages/scipy/stats/_multivariate.py:110: RuntimeWarning: overflow encountered in double_scalars
  return np.array([0 if abs(x) <= eps else 1/x for x in v], dtype=float)
/gscratch/choe/pnterry/anaconda3/lib/python3.7/site-packages/scipy/stats/_multivariate.py:167: RuntimeWarning: invalid value encountered in multiply
  U = np.multiply(u, np.sqrt(s_pinv))
/gscratch/choe/pnterry/power_exp/cosmic-master/matlab/cemSEIS.py:827: RuntimeWarning: overflow encountered in exp
  self.qxList.append(np.exp(log_qx))
/gscratch/choe/pnterry/power_exp/cosmic-master/matlab/cemSEIS.py:259: RuntimeWarning: overflow encountered in exp
  _rho = np.mean((fx * np.exp(px) - np.exp(_qx) @ beta)/np.exp(qx_alpha)) + np.sum(beta)
/gscratch/choe/pnterry/power_exp/cosmic-master/matlab/cemSEIS.py:259: RuntimeWarning: invalid value encountered in true_divide
  _rho = np.mean((fx * np.exp(px) - np.exp(_qx) @ beta)/np.exp(qx_alpha)) + np.sum(beta)
/gscratch/choe/pnterry/anaconda3/lib/python3.7/site-packages/scipy/stats/_multivariate.py:474: RuntimeWarning: overflow encountered in square
  maha = np.sum(np.square(np.dot(dev, prec_U)), axis=-1)
/gscratch/choe/pnterry/anaconda3/lib/python3.7/site-packages/numpy/core/fromnumeric.py:90: RuntimeWarning: overflow encountered in reduce
  return ufunc.reduce(obj, axis, dtype, out, **passkwargs)
/gscratch/choe/pnterry/anaconda3/lib/python3.7/site-packages/scipy/stats/_multivariate.py:110: RuntimeWarning: overflow encountered in double_scalars
  return np.array([0 if abs(x) <= eps else 1/x for x in v], dtype=float)
/gscratch/choe/pnterry/anaconda3/lib/python3.7/site-packages/scipy/stats/_multivariate.py:167: RuntimeWarning: invalid value encountered in multiply
  U = np.multiply(u, np.sqrt(s_pinv))
Beginning Stage s=0
k=1
k=2
k=3
k=4
k=5
Error getting log likelihood of GMM component!
Beginning Stage s=1
k=1
k=2
k=3
k=4
Beginning Stage s=2
k=1
k=2
k=3
k=4
Beginning Stage s=3
k=1
k=2
k=3
Beginning Stage s=4
k=1
k=2
k=3
k=4
Beginning Stage s=5
k=1
k=2
k=3
k=4
Done with replicate!
Beginning Stage s=0
k=1
k=2
k=3
k=4
k=5
Beginning Stage s=1
k=1
k=2
k=3
k=4
Beginning Stage s=2
k=1
k=2
Beginning Stage s=3
k=1
k=2
Beginning Stage s=4
k=1
Error during runStage: 
Aborting replication cem due to error!
Beginning Stage s=0
k=1
k=2
k=3
k=4
k=5
k=6
k=7
Beginning Stage s=1
k=1
k=2
Beginning Stage s=2
k=1
k=2
Beginning Stage s=3
k=1
k=2
Beginning Stage s=4
k=1
k=2
Beginning Stage s=5
k=1
k=2
Done with replicate!
Beginning Stage s=0
k=1
k=2
k=3
k=4
k=5
k=6
Beginning Stage s=1
k=1
k=2
k=3
k=4
k=5
k=6
Beginning Stage s=2
k=1
k=2
k=3
k=4
k=5
k=6
Beginning Stage s=3
k=1
k=2
k=3
k=4
k=5
k=6
Beginning Stage s=4
k=2
k=3
k=4
k=5
k=6
Beginning Stage s=5
k=2
k=3
k=4
k=5
k=6
Done with replicate!
Beginning Stage s=0
k=1
k=2
k=3
k=4
k=5
Beginning Stage s=1
k=1
k=2
k=3
k=4
k=5
k=6
k=7
k=8
Beginning Stage s=2
k=5
k=6
k=7
Beginning Stage s=3
k=3
k=4
k=5
k=6
k=7
Beginning Stage s=4
k=2
k=3
k=4
k=5
k=6
k=7
k=8
Beginning Stage s=5
k=4
k=5
k=6
k=7
k=8
Done with replicate!
Beginning Stage s=0
k=1
k=2
k=3
k=4
k=5
k=6
k=7
k=8
k=9
Beginning Stage s=1
k=1
k=2
k=3
k=4
k=5
Beginning Stage s=2
k=1
k=2
k=3
k=4
k=5
k=6
Beginning Stage s=3
k=1
k=2
k=3
k=4
k=5
Beginning Stage s=4
k=1
k=2
k=3
k=4
k=5
k=6
Beginning Stage s=5
k=2
k=3
k=4
k=5
k=6
Done with replicate!
Beginning Stage s=0
k=1
k=2
k=3
k=4
k=5
Beginning Stage s=1
k=1
k=2
Beginning Stage s=2
k=1
k=2
Beginning Stage s=3
k=1
k=2
Beginning Stage s=4
k=1
k=2
Beginning Stage s=5
k=1
k=2
Done with replicate!
Beginning Stage s=0
k=1
k=2
k=3
k=4
k=5
k=6
k=7
Beginning Stage s=1
k=1
k=2
k=3
k=4
k=5
Beginning Stage s=2
k=1
k=2
k=3
k=4
k=5
k=6
Beginning Stage s=3
k=1
k=2
k=3
k=4
k=5
k=6
Beginning Stage s=4
k=1
k=2
k=3
k=4
k=5
k=6
Beginning Stage s=5
k=2
k=3
k=4
k=5
Done with replicate!
Beginning Stage s=0
k=1
k=2
k=3
k=4
k=5
k=6
k=7
k=8
Beginning Stage s=1
k=1
k=2
k=3
k=4
k=5
k=6
Beginning Stage s=2
k=3
k=4
k=5
k=6
k=7
Beginning Stage s=3
k=2
k=3
k=4
k=5
k=6
Beginning Stage s=4
k=2
k=3
k=4
k=5
k=6
Beginning Stage s=5
k=2
k=3
k=4
k=5
Done with replicate!
Beginning Stage s=0
k=1
k=2
k=3
k=4
k=5
Beginning Stage s=1
k=1
k=2
k=3
k=4
k=5
Beginning Stage s=2
k=1
k=2
k=3
k=4
k=5
Beginning Stage s=3
k=1
k=2
k=3
k=4
k=5
k=6
Beginning Stage s=4
k=2
k=3
k=4
Error getting log likelihood of GMM component!
k=5
k=6
Beginning Stage s=5
k=2
k=3
k=4
k=5
k=6
k=7
Done with replicate!
Beginning Stage s=0
k=1
k=2
k=3
k=4
k=5
k=6
Beginning Stage s=1
k=1
k=2
k=3
k=4
k=5
Beginning Stage s=2
k=1
k=2
k=3
k=4
k=5
k=6
k=7
Beginning Stage s=3
k=1
k=2
k=3
k=4
k=5
k=6
Beginning Stage s=4
k=2
k=3
k=4
k=5
k=6
k=7
Beginning Stage s=5
k=3
k=4
k=5
k=6
k=7
Error getting log likelihood of GMM component!
Done with replicate!
Beginning Stage s=0
k=1
k=2
k=3
k=4
k=5
k=6
k=7
Error getting log likelihood of GMM component!
Beginning Stage s=1
k=1
k=2
k=3
k=4
k=5
Beginning Stage s=2
k=1
k=2
Beginning Stage s=3
k=1
k=2
Error getting log likelihood of GMM component!
Beginning Stage s=4
k=1
k=2
Beginning Stage s=5
k=1
k=2
Done with replicate!
Beginning Stage s=0
k=1
k=2
k=3
k=4
Beginning Stage s=1
k=1
k=2
k=3
k=4
Beginning Stage s=2
k=1
k=2
k=3
k=4
Beginning Stage s=3
k=1
k=2
k=3
k=4
Beginning Stage s=4
k=1
k=2
k=3
k=4
k=5
Beginning Stage s=5
k=1
k=2
k=3
k=4
Done with replicate!
Beginning Stage s=0
Beginning Stage s=1
Beginning Stage s=2
k=7
k=8
k=9
k=10
k=11
k=12
k=13
k=14
k=15
k=16
k=17
k=18
k=19
k=20
k=21
k=22
k=23
k=24
k=25
k=26
k=27
k=28
k=29
k=30
Beginning Stage s=3
k=8
Beginning Stage s=4
k=5
k=6
Beginning Stage s=5
k=2










In stage: 5
Num k=2 resets: 1
k=1
k=2
Done with replicate!
Beginning Stage s=0
k=1
k=2
k=3
k=4
k=5
Beginning Stage s=1
k=1
k=2
Beginning Stage s=2
k=1
k=2
Beginning Stage s=3
k=1
k=2
Beginning Stage s=4
k=1
k=2
Beginning Stage s=5
k=1
k=2
Done with replicate!
Beginning Stage s=0
k=1
k=2
k=3
k=4
k=5
k=6
k=7
Beginning Stage s=1
k=1
k=2
k=3
k=4
Beginning Stage s=2
k=1
k=2
k=3
k=4
Beginning Stage s=3
k=1
k=2
k=3
k=4
Beginning Stage s=4
k=1
k=2
k=3
k=4
k=5
Beginning Stage s=5
k=1
k=2
k=3
k=4
Done with replicate!
Beginning Stage s=0
k=1
k=2
k=3
k=4
k=5
Beginning Stage s=1
k=1
k=2
Error getting log likelihood of GMM component!
Beginning Stage s=2
k=1
k=2
Beginning Stage s=3
k=1
k=2
Beginning Stage s=4
k=1
k=2
Beginning Stage s=5
k=1
k=2
Done with replicate!
Beginning Stage s=0
k=1
k=2
k=3
k=4
k=5
k=6
k=7
Beginning Stage s=1
k=1
k=2
k=3
k=4
Beginning Stage s=2
k=1
k=2
k=3
k=4
k=5
Beginning Stage s=3
k=1
k=2
k=3
k=4
k=5
Beginning Stage s=4
k=1
k=2
k=3
k=4
Beginning Stage s=5
k=1
k=2
k=3
k=4
k=5
Done with replicate!
Beginning Stage s=0
k=1
k=2
k=3
k=4
k=5
Beginning Stage s=1
k=1
k=2
k=3
k=4
k=5
Beginning Stage s=2
k=1
k=2
k=3
Beginning Stage s=3
k=1
k=2
k=3
k=4
Beginning Stage s=4
k=1
k=2
k=3
k=4
Beginning Stage s=5
k=1
k=2
k=3
k=4
Done with replicate!
Beginning Stage s=0
k=1
k=2
k=3
k=4
k=5
Error getting log likelihood of GMM component!
k=6
k=7
k=8
Beginning Stage s=1
k=1
k=2
k=3
k=4
k=5
k=6
k=7
k=8
k=9
k=10
Beginning Stage s=2
k=5
k=6
k=7
k=8
Beginning Stage s=3
k=4
k=5
k=6
Beginning Stage s=4
k=2
k=3
k=4
Beginning Stage s=5
k=1
k=2
k=3
k=4
k=5
k=6
Done with replicate!
Beginning Stage s=0
k=1
k=2
k=3
k=4
k=5
k=6
Error getting log likelihood of GMM component!
k=7
k=8
Beginning Stage s=1
k=1
k=2
k=3
Beginning Stage s=2
k=1
k=2
k=3
Beginning Stage s=3
k=1
k=2
k=3
Beginning Stage s=4
k=1
k=2
k=3
Beginning Stage s=5
k=1
k=2
Done with replicate!
Beginning Stage s=0
k=1
k=2
k=3
k=4
k=5
Beginning Stage s=1
k=1
k=2
k=3
k=4
k=5
k=6
Beginning Stage s=2
k=2
k=3
k=4
k=5
Error getting log likelihood of GMM component!
k=6
k=7
Beginning Stage s=3
k=2
k=3
k=4
k=5
Beginning Stage s=4
k=1
k=2
k=3
k=4
k=5
Beginning Stage s=5
k=1
k=2
k=3
k=4
k=5
k=6
Done with replicate!
Beginning Stage s=0
k=1
k=2
k=3
k=4
k=5
Beginning Stage s=1
k=1
k=2
k=3
k=4
k=5
k=6
k=7
k=8
Beginning Stage s=2
k=5
k=6
k=7
Beginning Stage s=3
k=2
k=3
k=4
k=5
k=6
k=7
k=8
Beginning Stage s=4
k=3
k=4
k=5
k=6
k=7
k=8
Beginning Stage s=5
k=3










In stage: 5
Num k=3 resets: 1
k=2










In stage: 5
Num k=2 resets: 2
k=1
k=2
Done with replicate!
Beginning Stage s=0
k=1
k=2
k=3
k=4
k=5
Error getting log likelihood of GMM component!
Beginning Stage s=1
k=1
k=2
Beginning Stage s=2
k=1
k=2
Beginning Stage s=3
k=1
k=2
Beginning Stage s=4
k=1
k=2
Beginning Stage s=5
k=1
k=2
Done with replicate!
Beginning Stage s=0
k=1
k=2
k=3
k=4
k=5
k=6
Beginning Stage s=1
k=1
k=2
k=3
k=4
k=5
Beginning Stage s=2
k=1
k=2
k=3
k=4
k=5
Beginning Stage s=3
k=1
k=2
k=3
k=4
k=5
Beginning Stage s=4
k=1
k=2
k=3
k=4
k=5
Beginning Stage s=5
k=1
k=2
k=3
k=4
k=5
Done with replicate!
Beginning Stage s=0
k=1
k=2
k=3
k=4
k=5
Beginning Stage s=1
k=1
k=2
k=3
k=4
k=5
k=6
Beginning Stage s=2
k=2
k=3
k=4
Beginning Stage s=3
k=1
k=2
k=3
k=4
Beginning Stage s=4
k=1
k=2
k=3
k=4
k=5
Beginning Stage s=5
k=1
k=2
Done with replicate!
Beginning Stage s=0
k=1
k=2
k=3
k=4
k=5
k=6
k=7
k=8
k=9
Beginning Stage s=1
k=1
k=2
Beginning Stage s=2
k=1
k=2
Beginning Stage s=3
k=1
k=2
Beginning Stage s=4
k=1
k=2
Beginning Stage s=5
k=1
k=2
Done with replicate!
Beginning Stage s=0
k=1
k=2
k=3
k=4
k=5
k=6
k=7
k=8
Beginning Stage s=1
k=1
k=2
k=3
k=4
k=5
k=6
Beginning Stage s=2
k=2
k=3
k=4
k=5
k=6
Beginning Stage s=3
k=1
k=2
k=3
k=4
k=5
k=6
Beginning Stage s=4
k=2
Beginning Stage s=5
k=1
k=2
Done with replicate!
Beginning Stage s=0
k=1
k=2
k=3
k=4
Beginning Stage s=1
k=1
k=2
k=3
k=4
Beginning Stage s=2
k=1
k=2
Beginning Stage s=3
k=1
k=2
Beginning Stage s=4
k=1
k=2
Beginning Stage s=5
k=1
k=2
Done with replicate!
Beginning Stage s=0
k=1
k=2
k=3
k=4
k=5
Beginning Stage s=1
k=1
k=2
k=3
k=4
k=5
k=6
Beginning Stage s=2
k=2
k=3
k=4
k=5
k=6
Beginning Stage s=3
k=2
k=3
k=4
k=5
k=6
k=7
Beginning Stage s=4
k=3
k=4
k=5
k=6
Beginning Stage s=5
k=2
k=3
k=4
k=5
k=6
Done with replicate!
Beginning Stage s=0
k=1
k=2
k=3
k=4
k=5
k=6
k=7
Beginning Stage s=1
k=1
k=2
k=3
k=4
k=5
k=6
Beginning Stage s=2
k=2
k=3
k=4
k=5
k=6
Beginning Stage s=3
k=2
k=3
k=4
Beginning Stage s=4
k=1
k=2
k=3
k=4
Beginning Stage s=5
k=1
k=2
k=3
k=4
Done with replicate!
Beginning Stage s=0
k=1
k=2
k=3
k=4
k=5
Beginning Stage s=1
k=1
k=2
k=3
k=4
k=5
Beginning Stage s=2
k=1
k=2
k=3
k=4
Beginning Stage s=3
k=1
k=2
k=3
k=4
Beginning Stage s=4
k=1
k=2
k=3
k=4
Beginning Stage s=5
k=1
k=2
k=3
k=4
k=5
k=6
Done with replicate!
Beginning Stage s=0
k=1
k=2
k=3
k=4
k=5
Beginning Stage s=1
k=1
k=2
k=3
k=4
k=5
Beginning Stage s=2
k=1
k=2
k=3
k=4
k=5
k=6
Beginning Stage s=3
k=1
k=2
k=3
k=4
k=5
k=6
Beginning Stage s=4
k=1
k=2
k=3
k=4
k=5
k=6
Beginning Stage s=5
k=2
k=3
k=4
k=5
k=6
Done with replicate!
Beginning Stage s=0
k=1
k=2
k=3
k=4
k=5
k=6
k=7
k=8
k=9
Beginning Stage s=1
k=1
k=2
k=3
k=4
k=5
k=6
Beginning Stage s=2
k=2
k=3
k=4
k=5
Beginning Stage s=3
k=1
k=2
k=3
k=4
k=5
k=6
Beginning Stage s=4
k=1
k=2
Beginning Stage s=5
k=1
k=2
Done with replicate!
Beginning Stage s=0
k=1
k=2
k=3
k=4
k=5
Beginning Stage s=1
k=1
k=2
k=3
k=4
k=5
Beginning Stage s=2
k=1
k=2
k=3
k=4
k=5
Beginning Stage s=3
k=1
k=2
k=3
k=4
k=5
Beginning Stage s=4
k=1
k=2
k=3
k=4
k=5
Beginning Stage s=5
k=1
k=2
Done with replicate!
Beginning Stage s=0
k=1
k=2
k=3
k=4
k=5
k=6
k=7
Beginning Stage s=1
k=1
k=2
k=3
k=4
k=5
Beginning Stage s=2
k=1
k=2
k=3
k=4
k=5
k=6
Beginning Stage s=3
k=2
k=3
k=4
k=5
k=6
Beginning Stage s=4
k=2
k=3
k=4
k=5
k=6
Beginning Stage s=5
k=1
k=2
k=3
k=4
k=5
k=6
Done with replicate!
Beginning Stage s=0
k=1
k=2
k=3
k=4
k=5
Beginning Stage s=1
k=1
k=2
Beginning Stage s=2
k=1
k=2
Beginning Stage s=3
k=1
k=2
Beginning Stage s=4
k=1
Error during runStage: 
Aborting replication cem due to error!
Beginning Stage s=0
k=1
k=2
k=3
k=4
k=5
k=6
Beginning Stage s=1
k=1
k=2
k=3
k=4
k=5
Beginning Stage s=2
k=1
k=2
k=3
k=4
Beginning Stage s=3
k=1
k=2
k=3
Beginning Stage s=4
k=1
k=2
k=3
Beginning Stage s=5
k=1
k=2
k=3
Done with replicate!
Beginning Stage s=0
k=1
k=2
k=3
k=4
k=5
Beginning Stage s=1
k=1
k=2
k=3
k=4
k=5
k=6
k=7
Beginning Stage s=2
k=3
k=4
k=5
k=6
Beginning Stage s=3
k=2
k=3
k=4
k=5
k=6
k=7
Beginning Stage s=4
k=3
k=4
k=5
k=6
Beginning Stage s=5
k=2
k=3
k=4
k=5
k=6
Done with replicate!
Beginning Stage s=0
k=1
k=2
k=3
k=4
k=5
k=6
k=7
k=8
Beginning Stage s=1
k=1
k=2
k=3
k=4
k=5
k=6
k=7
k=8
Beginning Stage s=2
k=4
k=5
k=6
k=7
k=8
Beginning Stage s=3
k=3










In stage: 3
Num k=3 resets: 1
k=2










In stage: 3
Num k=2 resets: 2
k=1
k=2
Beginning Stage s=4
k=1
k=2
Beginning Stage s=5
k=1
k=2
Done with replicate!
/gscratch/choe/pnterry/anaconda3/lib/python3.7/site-packages/scipy/stats/_multivariate.py:110: RuntimeWarning: overflow encountered in double_scalars
  return np.array([0 if abs(x) <= eps else 1/x for x in v], dtype=float)
/gscratch/choe/pnterry/anaconda3/lib/python3.7/site-packages/scipy/stats/_multivariate.py:167: RuntimeWarning: invalid value encountered in multiply
  U = np.multiply(u, np.sqrt(s_pinv))
/gscratch/choe/pnterry/anaconda3/lib/python3.7/site-packages/scipy/stats/_multivariate.py:474: RuntimeWarning: overflow encountered in square
  maha = np.sum(np.square(np.dot(dev, prec_U)), axis=-1)
/gscratch/choe/pnterry/anaconda3/lib/python3.7/site-packages/numpy/core/fromnumeric.py:90: RuntimeWarning: overflow encountered in reduce
  return ufunc.reduce(obj, axis, dtype, out, **passkwargs)
/gscratch/choe/pnterry/anaconda3/lib/python3.7/site-packages/scipy/stats/_multivariate.py:110: RuntimeWarning: overflow encountered in double_scalars
  return np.array([0 if abs(x) <= eps else 1/x for x in v], dtype=float)
/gscratch/choe/pnterry/anaconda3/lib/python3.7/site-packages/scipy/stats/_multivariate.py:167: RuntimeWarning: invalid value encountered in multiply
  U = np.multiply(u, np.sqrt(s_pinv))
/gscratch/choe/pnterry/anaconda3/lib/python3.7/site-packages/scipy/stats/_multivariate.py:110: RuntimeWarning: overflow encountered in double_scalars
  return np.array([0 if abs(x) <= eps else 1/x for x in v], dtype=float)
/gscratch/choe/pnterry/anaconda3/lib/python3.7/site-packages/scipy/stats/_multivariate.py:167: RuntimeWarning: invalid value encountered in multiply
  U = np.multiply(u, np.sqrt(s_pinv))
/gscratch/choe/pnterry/anaconda3/lib/python3.7/site-packages/scipy/stats/_multivariate.py:474: RuntimeWarning: overflow encountered in square
  maha = np.sum(np.square(np.dot(dev, prec_U)), axis=-1)
/gscratch/choe/pnterry/anaconda3/lib/python3.7/site-packages/numpy/core/fromnumeric.py:90: RuntimeWarning: overflow encountered in reduce
  return ufunc.reduce(obj, axis, dtype, out, **passkwargs)
/gscratch/choe/pnterry/power_exp/cosmic-master/matlab/cemSEIS.py:827: RuntimeWarning: overflow encountered in exp
  self.qxList.append(np.exp(log_qx))
/gscratch/choe/pnterry/power_exp/cosmic-master/matlab/cemSEIS.py:259: RuntimeWarning: overflow encountered in exp
  _rho = np.mean((fx * np.exp(px) - np.exp(_qx) @ beta)/np.exp(qx_alpha)) + np.sum(beta)
/gscratch/choe/pnterry/power_exp/cosmic-master/matlab/cemSEIS.py:259: RuntimeWarning: invalid value encountered in true_divide
  _rho = np.mean((fx * np.exp(px) - np.exp(_qx) @ beta)/np.exp(qx_alpha)) + np.sum(beta)
/gscratch/choe/pnterry/anaconda3/lib/python3.7/site-packages/scipy/stats/_multivariate.py:474: RuntimeWarning: overflow encountered in square
  maha = np.sum(np.square(np.dot(dev, prec_U)), axis=-1)
/gscratch/choe/pnterry/anaconda3/lib/python3.7/site-packages/numpy/core/fromnumeric.py:90: RuntimeWarning: overflow encountered in reduce
  return ufunc.reduce(obj, axis, dtype, out, **passkwargs)
/gscratch/choe/pnterry/anaconda3/lib/python3.7/site-packages/scipy/stats/_multivariate.py:110: RuntimeWarning: overflow encountered in double_scalars
  return np.array([0 if abs(x) <= eps else 1/x for x in v], dtype=float)
/gscratch/choe/pnterry/anaconda3/lib/python3.7/site-packages/scipy/stats/_multivariate.py:167: RuntimeWarning: invalid value encountered in multiply
  U = np.multiply(u, np.sqrt(s_pinv))
/gscratch/choe/pnterry/anaconda3/lib/python3.7/site-packages/scipy/stats/_multivariate.py:110: RuntimeWarning: overflow encountered in double_scalars
  return np.array([0 if abs(x) <= eps else 1/x for x in v], dtype=float)
/gscratch/choe/pnterry/anaconda3/lib/python3.7/site-packages/scipy/stats/_multivariate.py:167: RuntimeWarning: invalid value encountered in multiply
  U = np.multiply(u, np.sqrt(s_pinv))
/gscratch/choe/pnterry/anaconda3/lib/python3.7/site-packages/scipy/stats/_multivariate.py:110: RuntimeWarning: overflow encountered in double_scalars
  return np.array([0 if abs(x) <= eps else 1/x for x in v], dtype=float)
/gscratch/choe/pnterry/anaconda3/lib/python3.7/site-packages/scipy/stats/_multivariate.py:167: RuntimeWarning: invalid value encountered in multiply
  U = np.multiply(u, np.sqrt(s_pinv))
/gscratch/choe/pnterry/anaconda3/lib/python3.7/site-packages/scipy/stats/_multivariate.py:110: RuntimeWarning: overflow encountered in double_scalars
  return np.array([0 if abs(x) <= eps else 1/x for x in v], dtype=float)
/gscratch/choe/pnterry/anaconda3/lib/python3.7/site-packages/scipy/stats/_multivariate.py:167: RuntimeWarning: invalid value encountered in multiply
  U = np.multiply(u, np.sqrt(s_pinv))
/gscratch/choe/pnterry/anaconda3/lib/python3.7/site-packages/scipy/stats/_multivariate.py:110: RuntimeWarning: overflow encountered in double_scalars
  return np.array([0 if abs(x) <= eps else 1/x for x in v], dtype=float)
/gscratch/choe/pnterry/anaconda3/lib/python3.7/site-packages/scipy/stats/_multivariate.py:167: RuntimeWarning: invalid value encountered in multiply
  U = np.multiply(u, np.sqrt(s_pinv))
/gscratch/choe/pnterry/power_exp/cosmic-master/matlab/cemSEIS.py:827: RuntimeWarning: overflow encountered in exp
  self.qxList.append(np.exp(log_qx))
/gscratch/choe/pnterry/power_exp/cosmic-master/matlab/cemSEIS.py:259: RuntimeWarning: overflow encountered in exp
  _rho = np.mean((fx * np.exp(px) - np.exp(_qx) @ beta)/np.exp(qx_alpha)) + np.sum(beta)
/gscratch/choe/pnterry/power_exp/cosmic-master/matlab/cemSEIS.py:259: RuntimeWarning: invalid value encountered in true_divide
  _rho = np.mean((fx * np.exp(px) - np.exp(_qx) @ beta)/np.exp(qx_alpha)) + np.sum(beta)
/gscratch/choe/pnterry/anaconda3/lib/python3.7/site-packages/scipy/stats/_multivariate.py:110: RuntimeWarning: overflow encountered in double_scalars
  return np.array([0 if abs(x) <= eps else 1/x for x in v], dtype=float)
/gscratch/choe/pnterry/anaconda3/lib/python3.7/site-packages/scipy/stats/_multivariate.py:167: RuntimeWarning: invalid value encountered in multiply
  U = np.multiply(u, np.sqrt(s_pinv))
/gscratch/choe/pnterry/anaconda3/lib/python3.7/site-packages/scipy/stats/_multivariate.py:110: RuntimeWarning: overflow encountered in double_scalars
  return np.array([0 if abs(x) <= eps else 1/x for x in v], dtype=float)
/gscratch/choe/pnterry/anaconda3/lib/python3.7/site-packages/scipy/stats/_multivariate.py:167: RuntimeWarning: invalid value encountered in multiply
  U = np.multiply(u, np.sqrt(s_pinv))
/gscratch/choe/pnterry/anaconda3/lib/python3.7/site-packages/scipy/stats/_multivariate.py:110: RuntimeWarning: overflow encountered in double_scalars
  return np.array([0 if abs(x) <= eps else 1/x for x in v], dtype=float)
/gscratch/choe/pnterry/anaconda3/lib/python3.7/site-packages/scipy/stats/_multivariate.py:167: RuntimeWarning: invalid value encountered in multiply
  U = np.multiply(u, np.sqrt(s_pinv))
Beginning Stage s=0
k=1
k=2
k=3
k=4
k=5
k=6
k=7
Beginning Stage s=1
k=1
k=2
k=3
k=4
k=5
Beginning Stage s=2
k=1
k=2
k=3
k=4
k=5
Beginning Stage s=3
k=1
k=2
k=3
k=4
k=5
Beginning Stage s=4
k=1
k=2
k=3
k=4
k=5
k=6
Beginning Stage s=5
k=2
k=3
k=4
k=5
k=6
Done with replicate!
Beginning Stage s=0
k=1
k=2
k=3
k=4
k=5
Beginning Stage s=1
k=1
k=2
k=3
k=4
Beginning Stage s=2
k=1
k=2
k=3
k=4
k=5
Beginning Stage s=3
k=1
k=2
k=3
k=4
k=5
k=6
Beginning Stage s=4
k=2
k=3
k=4
k=5
Beginning Stage s=5
k=1
k=2
k=3
k=4
k=5
Done with replicate!
Beginning Stage s=0
k=1
k=2
k=3
k=4
k=5
k=6
Beginning Stage s=1
k=1
k=2
k=3
k=4
k=5
k=6
k=7
k=8
k=9
k=10
Beginning Stage s=2
k=5
k=6
k=7
Error getting log likelihood of GMM component!
Beginning Stage s=3
k=3
k=4
k=5
k=6
k=7
Beginning Stage s=4
k=3
k=4
k=5
k=6
Beginning Stage s=5
k=2
k=3
k=4
k=5
k=6
Done with replicate!
Beginning Stage s=0
k=1
k=2
k=3
k=4
k=5
k=6
k=7
k=8
Beginning Stage s=1
k=1
k=2
k=3
k=4
Beginning Stage s=2
k=1
k=2
k=3
k=4
Beginning Stage s=3
k=1
k=2
k=3
k=4
k=5
Beginning Stage s=4
k=1
k=2
k=3
k=4
Beginning Stage s=5
k=1
k=2
k=3
k=4
Done with replicate!
Beginning Stage s=0
k=1
k=2
k=3
k=4
Beginning Stage s=1
k=1
k=2
k=3
k=4
Beginning Stage s=2
k=1
k=2
k=3
Beginning Stage s=3
k=1
k=2
k=3
k=4
Beginning Stage s=4
k=1
k=2
k=3
Beginning Stage s=5
k=1
k=2
k=3
k=4
Done with replicate!
Beginning Stage s=0
k=1
k=2
k=3
k=4
k=5
k=6
k=7
k=8
k=9
Beginning Stage s=1
k=1
k=2
k=3
k=4
k=5
k=6
k=7
k=8
Beginning Stage s=2
k=2
k=3
k=4
k=5
k=6
k=7
Beginning Stage s=3
k=3
k=4
k=5
k=6
k=7
k=8
k=9
Beginning Stage s=4
k=4
k=5
k=6
k=7
Beginning Stage s=5
k=3
k=4
k=5
k=6
Error getting log likelihood of GMM component!
k=7
k=8
Done with replicate!
/gscratch/choe/pnterry/anaconda3/lib/python3.7/site-packages/scipy/stats/_multivariate.py:474: RuntimeWarning: overflow encountered in square
  maha = np.sum(np.square(np.dot(dev, prec_U)), axis=-1)
/gscratch/choe/pnterry/anaconda3/lib/python3.7/site-packages/numpy/core/fromnumeric.py:90: RuntimeWarning: overflow encountered in reduce
  return ufunc.reduce(obj, axis, dtype, out, **passkwargs)
/gscratch/choe/pnterry/anaconda3/lib/python3.7/site-packages/scipy/stats/_multivariate.py:474: RuntimeWarning: overflow encountered in square
  maha = np.sum(np.square(np.dot(dev, prec_U)), axis=-1)
/gscratch/choe/pnterry/anaconda3/lib/python3.7/site-packages/numpy/core/fromnumeric.py:90: RuntimeWarning: overflow encountered in reduce
  return ufunc.reduce(obj, axis, dtype, out, **passkwargs)
Beginning Stage s=0
k=1
k=2
k=3
k=4
k=5
k=6
Beginning Stage s=1
k=1
k=2
k=3
k=4
Beginning Stage s=2
k=1
k=2
k=3
k=4
k=5
Beginning Stage s=3
k=1
k=2
k=3
k=4
Beginning Stage s=4
k=1
k=2
k=3
k=4
Beginning Stage s=5
k=1
k=2
k=3
k=4
Done with replicate!
Beginning Stage s=0
k=1
k=2
k=3
k=4
k=5
k=6
k=7
k=8
k=9
Beginning Stage s=1
k=1
k=2
Beginning Stage s=2
k=1
k=2
Beginning Stage s=3
k=1
k=2
Beginning Stage s=4
k=1
k=2
Beginning Stage s=5
k=1
k=2
Done with replicate!
Beginning Stage s=0
k=1
k=2
k=3
k=4
k=5
k=6
Beginning Stage s=1
k=1
k=2
k=3
k=4
k=5
k=6
Beginning Stage s=2
k=2
k=3
k=4
k=5
Beginning Stage s=3
k=1
k=2
k=3
k=4
k=5
Beginning Stage s=4
k=1
k=2
k=3
k=4
k=5
Beginning Stage s=5
k=1
k=2
k=3
k=4
k=5
k=6
Done with replicate!
Beginning Stage s=0
k=1
k=2
k=3
k=4
k=5
k=6
k=7
Beginning Stage s=1
k=1
k=2
k=3
k=4
k=5
k=6
Beginning Stage s=2
k=2
k=3
k=4
k=5
k=6
k=7
k=8
Beginning Stage s=3
k=4
k=5
k=6
k=7
Beginning Stage s=4
k=2
k=3
k=4
k=5
k=6
Beginning Stage s=5
k=1
k=2
k=3
k=4
k=5
k=6
k=7
Done with replicate!
/gscratch/choe/pnterry/anaconda3/lib/python3.7/site-packages/scipy/stats/_multivariate.py:110: RuntimeWarning: overflow encountered in double_scalars
  return np.array([0 if abs(x) <= eps else 1/x for x in v], dtype=float)
/gscratch/choe/pnterry/anaconda3/lib/python3.7/site-packages/scipy/stats/_multivariate.py:167: RuntimeWarning: invalid value encountered in multiply
  U = np.multiply(u, np.sqrt(s_pinv))
/gscratch/choe/pnterry/power_exp/cosmic-master/matlab/cemSEIS.py:259: RuntimeWarning: overflow encountered in exp
  _rho = np.mean((fx * np.exp(px) - np.exp(_qx) @ beta)/np.exp(qx_alpha)) + np.sum(beta)
/gscratch/choe/pnterry/power_exp/cosmic-master/matlab/cemSEIS.py:259: RuntimeWarning: invalid value encountered in true_divide
  _rho = np.mean((fx * np.exp(px) - np.exp(_qx) @ beta)/np.exp(qx_alpha)) + np.sum(beta)
multiprocessing.pool.RemoteTraceback: 
"""
Traceback (most recent call last):
  File "/gscratch/choe/pnterry/anaconda3/lib/python3.7/multiprocessing/pool.py", line 121, in worker
    result = (True, func(*args, **kwds))
  File "/gscratch/choe/pnterry/anaconda3/lib/python3.7/multiprocessing/pool.py", line 44, in mapstar
    return list(map(*args))
  File "power_grid_exp_p5_unif.py", line 164, in runReplicate
    procedure.run()
  File "/gscratch/choe/pnterry/power_exp/cosmic-master/matlab/cem.py", line 1126, in run
    self._results = self._run(self.initParams,self.p,self.h)
  File "/gscratch/choe/pnterry/power_exp/cosmic-master/matlab/cem.py", line 1189, in _run
    raise e
  File "/gscratch/choe/pnterry/power_exp/cosmic-master/matlab/cem.py", line 1181, in _run
    bestParamsByK,cicByK,cicMA = self.runStage(s, self.paramsList[s], kMin)
  File "/gscratch/choe/pnterry/power_exp/cosmic-master/matlab/cemSEIS.py", line 1006, in runStage
    raise e
  File "/gscratch/choe/pnterry/power_exp/cosmic-master/matlab/cemSEIS.py", line 1002, in runStage
    cic = self.cic(bestParams)
  File "/gscratch/choe/pnterry/power_exp/cosmic-master/matlab/cem.py", line 286, in cic
    _cic = self.c_bar(params) + self.rho()*d/X.shape[0]
  File "/gscratch/choe/pnterry/power_exp/cosmic-master/matlab/cemSEIS.py", line 279, in rho
    raise e
  File "/gscratch/choe/pnterry/power_exp/cosmic-master/matlab/cemSEIS.py", line 276, in rho
    assert(not np.isnan(_rho))
AssertionError
"""

The above exception was the direct cause of the following exception:

Traceback (most recent call last):
  File "power_grid_exp_p5_unif.py", line 195, in <module>
    resultList = result.get()
  File "/gscratch/choe/pnterry/anaconda3/lib/python3.7/multiprocessing/pool.py", line 657, in get
    raise self._value
AssertionError
